INFO - 2025-08-27 18:48:28 --> Config Class Initialized
INFO - 2025-08-27 18:48:28 --> Hooks Class Initialized
DEBUG - 2025-08-27 18:48:28 --> UTF-8 Support Enabled
INFO - 2025-08-27 18:48:28 --> Utf8 Class Initialized
INFO - 2025-08-27 18:48:28 --> URI Class Initialized
DEBUG - 2025-08-27 18:48:28 --> No URI present. Default controller set.
INFO - 2025-08-27 18:48:28 --> Router Class Initialized
INFO - 2025-08-27 18:48:28 --> Output Class Initialized
INFO - 2025-08-27 18:48:28 --> Security Class Initialized
DEBUG - 2025-08-27 18:48:28 --> Global POST, GET and COOKIE data sanitized
INFO - 2025-08-27 18:48:28 --> CSRF cookie sent
INFO - 2025-08-27 18:48:28 --> Input Class Initialized
INFO - 2025-08-27 18:48:28 --> Language Class Initialized
INFO - 2025-08-27 18:48:28 --> Loader Class Initialized
DEBUG - 2025-08-27 18:48:28 --> Config file loaded: C:\xampp\htdocs\keydera\application\config/lb_config.php
INFO - 2025-08-27 18:48:28 --> Helper loaded: url_helper
INFO - 2025-08-27 18:48:28 --> Helper loaded: form_helper
INFO - 2025-08-27 18:48:28 --> Helper loaded: general_helper
INFO - 2025-08-27 18:48:28 --> Helper loaded: text_helper
INFO - 2025-08-27 18:48:28 --> Helper loaded: language_helper
INFO - 2025-08-27 18:48:28 --> Helper loaded: license_helper
INFO - 2025-08-27 18:48:28 --> Helper loaded: integration_external_api_helper_sample_helper
INFO - 2025-08-27 18:48:28 --> Helper loaded: integration_external_api_helper_sample_wp_helper
INFO - 2025-08-27 18:48:28 --> Helper loaded: integration_internal_api_helper_sample_helper
INFO - 2025-08-27 18:48:28 --> Database Driver Class Initialized
INFO - 2025-08-27 18:48:28 --> Form Validation Class Initialized
INFO - 2025-08-27 18:48:28 --> Session: Class initialized using 'files' driver.
INFO - 2025-08-27 18:48:28 --> Language file loaded: language/english/pagination_lang.php
INFO - 2025-08-27 18:48:28 --> Pagination Class Initialized
INFO - 2025-08-27 18:48:28 --> Model "Licenses_model" initialized
INFO - 2025-08-27 18:48:28 --> Model "User_model" initialized
INFO - 2025-08-27 18:48:28 --> Model "Products_model" initialized
INFO - 2025-08-27 18:48:28 --> Model "Activations_model" initialized
INFO - 2025-08-27 18:48:28 --> Model "Cron_model" initialized
INFO - 2025-08-27 18:48:28 --> Model "Downloads_model" initialized
INFO - 2025-08-27 18:48:28 --> Controller Class Initialized
INFO - 2025-08-27 22:18:28 --> File loaded: C:\xampp\htdocs\keydera\application\views\templates/header.php
INFO - 2025-08-27 22:18:28 --> File loaded: C:\xampp\htdocs\keydera\application\views\templates/menu.php
INFO - 2025-08-27 22:18:28 --> File loaded: C:\xampp\htdocs\keydera\application\views\pages/dashboard.php
INFO - 2025-08-27 22:18:28 --> File loaded: C:\xampp\htdocs\keydera\application\views\templates/footer.php
INFO - 2025-08-27 22:18:28 --> Final output sent to browser
DEBUG - 2025-08-27 22:18:28 --> Total execution time: 0.0908
